<?xml version="1.0" encoding="UTF-8"?>
<!-- Generated by org.testng.reporters.JUnitReportReporter -->
<testsuite skipped="2" hostname="DESKTOP-077G3EM" name="com.gcash.test.GCashCheck" tests="4" failures="0" timestamp="2023-03-24T13:19:25 IST" time="0.016" errors="2">
  <testcase name="appLaunch" time="0.000" classname="com.gcash.test.GCashCheck">
    <skipped/>
  </testcase> <!-- appLaunch -->
  <system-out/>
  <testcase name="appLaunch" time="0.000" classname="com.gcash.test.GCashCheck">
    <skipped/>
  </testcase> <!-- appLaunch -->
  <system-out/>
  <testcase name="appLaunch" time="0.015" classname="com.gcash.test.GCashCheck">
    <error type="java.lang.IllegalArgumentException" message="nodeName cannot be null or empty">
      <![CDATA[java.lang.IllegalArgumentException: nodeName cannot be null or empty
at com.aventstack.extentreports.ExtentTest.createNode(ExtentTest.java:166)
at com.aventstack.extentreports.ExtentTest.createNode(ExtentTest.java:274)
at com.utility.ExtentReporter.HeaderChildNode(ExtentReporter.java:265)
at com.utility.ExtentReporter.onTestSkipped(ExtentReporter.java:257)
at org.testng.internal.TestListenerHelper.runTestListeners(TestListenerHelper.java:57)
at org.testng.internal.TestInvoker.runTestResultListener(TestInvoker.java:219)
at org.testng.internal.TestInvoker.invokeListenersForSkippedTestResult(TestInvoker.java:446)
at org.testng.internal.TestInvoker.invokeMethod(TestInvoker.java:542)
at org.testng.internal.TestInvoker.invokeTestMethod(TestInvoker.java:173)
at org.testng.internal.MethodRunner.runInSequence(MethodRunner.java:46)
at org.testng.internal.TestInvoker$MethodInvocationAgent.invoke(TestInvoker.java:816)
at org.testng.internal.TestInvoker.invokeTestMethods(TestInvoker.java:146)
at org.testng.internal.TestMethodWorker.invokeTestMethods(TestMethodWorker.java:146)
at org.testng.internal.TestMethodWorker.run(TestMethodWorker.java:128)
at java.util.concurrent.ThreadPoolExecutor.runWorker(ThreadPoolExecutor.java:1149)
at java.util.concurrent.ThreadPoolExecutor$Worker.run(ThreadPoolExecutor.java:624)
at java.lang.Thread.run(Thread.java:748)
]]>
    </error>
  </testcase> <!-- appLaunch -->
  <system-out/>
  <testcase name="appLaunch" time="0.001" classname="com.gcash.test.GCashCheck">
    <error type="java.lang.IllegalArgumentException" message="nodeName cannot be null or empty">
      <![CDATA[java.lang.IllegalArgumentException: nodeName cannot be null or empty
at com.aventstack.extentreports.ExtentTest.createNode(ExtentTest.java:166)
at com.aventstack.extentreports.ExtentTest.createNode(ExtentTest.java:274)
at com.utility.ExtentReporter.HeaderChildNode(ExtentReporter.java:265)
at com.utility.ExtentReporter.onTestSkipped(ExtentReporter.java:257)
at org.testng.internal.TestListenerHelper.runTestListeners(TestListenerHelper.java:57)
at org.testng.internal.TestInvoker.runTestResultListener(TestInvoker.java:219)
at org.testng.internal.TestInvoker.invokeListenersForSkippedTestResult(TestInvoker.java:446)
at org.testng.internal.TestInvoker.invokeMethod(TestInvoker.java:542)
at org.testng.internal.TestInvoker.invokeTestMethod(TestInvoker.java:173)
at org.testng.internal.MethodRunner.runInSequence(MethodRunner.java:46)
at org.testng.internal.TestInvoker$MethodInvocationAgent.invoke(TestInvoker.java:816)
at org.testng.internal.TestInvoker.invokeTestMethods(TestInvoker.java:146)
at org.testng.internal.TestMethodWorker.invokeTestMethods(TestMethodWorker.java:146)
at org.testng.internal.TestMethodWorker.run(TestMethodWorker.java:128)
at java.util.concurrent.ThreadPoolExecutor.runWorker(ThreadPoolExecutor.java:1149)
at java.util.concurrent.ThreadPoolExecutor$Worker.run(ThreadPoolExecutor.java:624)
at java.lang.Thread.run(Thread.java:748)
]]>
    </error>
  </testcase> <!-- appLaunch -->
  <system-out/>
</testsuite> <!-- com.gcash.test.GCashCheck -->
